<?xml version="1.0" encoding="UTF-8"?>
<!-- Generated by org.testng.reporters.JUnitReportReporter -->
<testsuite hostname="LAPTOP-HPM4GAJI" failures="0" tests="1" name="com.selenium.AppTest" time="0.000" errors="0" timestamp="2025-04-17T12:06:35 IST" skipped="1">
  <testcase classname="com.selenium.AppTest" name="testExample" time="0.000">
    <skipped/>
  </testcase> <!-- testExample -->
  <system-out/>
</testsuite> <!-- com.selenium.AppTest -->
